-------------------------------------------------------------------------------
Test set: com.youtube.jwt.JwtYoutubeApplicationTests
-------------------------------------------------------------------------------
Tests run: 1, Failures: 0, Errors: 1, Skipped: 0, Time elapsed: 14.405 s <<< FAILURE! - in com.youtube.jwt.JwtYoutubeApplicationTests
contextLoads  Time elapsed: 0.022 s  <<< ERROR!
java.lang.IllegalStateException: Failed to load ApplicationContext
Caused by: org.springframework.beans.factory.UnsatisfiedDependencyException: Error creating bean with name 'jwtRequestFilter': Unsatisfied dependency expressed through field 'jwtService'; nested exception is org.springframework.beans.factory.UnsatisfiedDependencyException: Error creating bean with name 'jwtService': Unsatisfied dependency expressed through field 'authenticationManager'; nested exception is org.springframework.beans.factory.UnsatisfiedDependencyException: Error creating bean with name 'webSecurityConfiguration': Unsatisfied dependency expressed through field 'jwtRequestFilter'; nested exception is org.springframework.beans.factory.BeanCurrentlyInCreationException: Error creating bean with name 'jwtRequestFilter': Requested bean is currently in creation: Is there an unresolvable circular reference?
Caused by: org.springframework.beans.factory.UnsatisfiedDependencyException: Error creating bean with name 'jwtService': Unsatisfied dependency expressed through field 'authenticationManager'; nested exception is org.springframework.beans.factory.UnsatisfiedDependencyException: Error creating bean with name 'webSecurityConfiguration': Unsatisfied dependency expressed through field 'jwtRequestFilter'; nested exception is org.springframework.beans.factory.BeanCurrentlyInCreationException: Error creating bean with name 'jwtRequestFilter': Requested bean is currently in creation: Is there an unresolvable circular reference?
Caused by: org.springframework.beans.factory.UnsatisfiedDependencyException: Error creating bean with name 'webSecurityConfiguration': Unsatisfied dependency expressed through field 'jwtRequestFilter'; nested exception is org.springframework.beans.factory.BeanCurrentlyInCreationException: Error creating bean with name 'jwtRequestFilter': Requested bean is currently in creation: Is there an unresolvable circular reference?
Caused by: org.springframework.beans.factory.BeanCurrentlyInCreationException: Error creating bean with name 'jwtRequestFilter': Requested bean is currently in creation: Is there an unresolvable circular reference?

